0 info it worked if it ends with ok
1 verbose cli [ '/usr/local/bin/node',
1 verbose cli   '/usr/local/bin/npm',
1 verbose cli   'run',
1 verbose cli   'compile',
1 verbose cli   '--logLevel',
1 verbose cli   'silent' ]
2 info using npm@3.10.10
3 info using node@v6.11.3
4 verbose run-script [ 'precompile', 'compile', 'postcompile' ]
5 info lifecycle preview-jsdoc@0.0.1~precompile: preview-jsdoc@0.0.1
6 silly lifecycle preview-jsdoc@0.0.1~precompile: no script for precompile, continuing
7 info lifecycle preview-jsdoc@0.0.1~compile: preview-jsdoc@0.0.1
8 verbose lifecycle preview-jsdoc@0.0.1~compile: unsafe-perm in lifecycle true
9 verbose lifecycle preview-jsdoc@0.0.1~compile: PATH: /usr/local/lib/node_modules/npm/bin/node-gyp-bin:/Users/ludovicdorival/preview-jsdoc/node_modules/.bin:/Users/ludovicdorival/Library/Android/sdk/platform-tools/:/usr/local/bin:/usr/bin:/bin:/usr/sbin:/sbin:/opt/X11/bin
10 verbose lifecycle preview-jsdoc@0.0.1~compile: CWD: /Users/ludovicdorival/preview-jsdoc
11 silly lifecycle preview-jsdoc@0.0.1~compile: Args: [ '-c', 'tsc -p ./ "silent"' ]
12 silly lifecycle preview-jsdoc@0.0.1~compile: Returned: code: 1  signal: null
13 info lifecycle preview-jsdoc@0.0.1~compile: Failed to exec compile script
14 verbose stack Error: preview-jsdoc@0.0.1 compile: `tsc -p ./ "silent"`
14 verbose stack Exit status 1
14 verbose stack     at EventEmitter.<anonymous> (/usr/local/lib/node_modules/npm/lib/utils/lifecycle.js:255:16)
14 verbose stack     at emitTwo (events.js:106:13)
14 verbose stack     at EventEmitter.emit (events.js:191:7)
14 verbose stack     at ChildProcess.<anonymous> (/usr/local/lib/node_modules/npm/lib/utils/spawn.js:40:14)
14 verbose stack     at emitTwo (events.js:106:13)
14 verbose stack     at ChildProcess.emit (events.js:191:7)
14 verbose stack     at maybeClose (internal/child_process.js:920:16)
14 verbose stack     at Process.ChildProcess._handle.onexit (internal/child_process.js:230:5)
15 verbose pkgid preview-jsdoc@0.0.1
16 verbose cwd /Users/ludovicdorival/preview-jsdoc
17 error Darwin 17.3.0
18 error argv "/usr/local/bin/node" "/usr/local/bin/npm" "run" "compile" "--logLevel" "silent"
19 error node v6.11.3
20 error npm  v3.10.10
21 error code ELIFECYCLE
22 error preview-jsdoc@0.0.1 compile: `tsc -p ./ "silent"`
22 error Exit status 1
23 error Failed at the preview-jsdoc@0.0.1 compile script 'tsc -p ./ "silent"'.
23 error Make sure you have the latest version of node.js and npm installed.
23 error If you do, this is most likely a problem with the preview-jsdoc package,
23 error not with npm itself.
23 error Tell the author that this fails on your system:
23 error     tsc -p ./ "silent"
23 error You can get information on how to open an issue for this project with:
23 error     npm bugs preview-jsdoc
23 error Or if that isn't available, you can get their info via:
23 error     npm owner ls preview-jsdoc
23 error There is likely additional logging output above.
24 verbose exit [ 1, true ]
